2017-04-12T03:36:02.324Z - normal: Load ~/.CocosCreator/settings.json
2017-04-12T03:36:02.324Z - normal: checking language setting...
2017-04-12T03:36:02.324Z - normal: Language: zh
2017-04-12T03:36:04.726Z - success: protocol editor-framework registered
2017-04-12T03:36:04.726Z - success: protocol app registered
2017-04-12T03:36:04.726Z - success: protocol theme registered
2017-04-12T03:36:04.726Z - success: protocol profile registered
2017-04-12T03:36:04.726Z - success: protocol packages registered
2017-04-12T03:36:04.726Z - success: protocol unpack registerred
2017-04-12T03:36:04.726Z - success: protocol disable-commonjs registerred
2017-04-12T03:36:05.257Z - normal: connected!
2017-04-12T03:36:05.257Z - normal: Check project D:\workspace\web\work\games\prize-claw
2017-04-12T03:36:05.257Z - normal: Initializing Cocos2d
2017-04-12T03:36:06.723Z - normal: Initializing Asset Database
2017-04-12T03:36:06.786Z - success: protocol uuid registerred
2017-04-12T03:36:06.786Z - success: protocol db registerred
2017-04-12T03:36:06.786Z - success: protocol thumbnail registerred
2017-04-12T03:36:06.786Z - normal: Loading editor/builtin packages
2017-04-12T03:36:07.035Z - success: assets loaded
2017-04-12T03:36:07.035Z - success: builder loaded
2017-04-12T03:36:07.035Z - success: hierarchy loaded
2017-04-12T03:36:07.035Z - success: inspector loaded
2017-04-12T03:36:07.051Z - success: keystore loaded
2017-04-12T03:36:07.051Z - success: node-library loaded
2017-04-12T03:36:07.051Z - success: preferences loaded
2017-04-12T03:36:07.082Z - success: project-importer loaded
2017-04-12T03:36:07.082Z - success: project-settings loaded
2017-04-12T03:36:07.082Z - success: ui-kit loaded
2017-04-12T03:36:07.098Z - success: ui-grid loaded
2017-04-12T03:36:07.098Z - success: scene loaded
2017-04-12T03:36:07.098Z - success: sprite-editor loaded
2017-04-12T03:36:07.300Z - success: store loaded
2017-04-12T03:36:07.300Z - success: timeline loaded
2017-04-12T03:36:07.300Z - normal: Loading builtin packages
2017-04-12T03:36:07.316Z - success: anysdk loaded
2017-04-12T03:36:07.332Z - success: asset-db-debugger loaded
2017-04-12T03:36:07.332Z - success: code-editor loaded
2017-04-12T03:36:07.332Z - success: color-picker loaded
2017-04-12T03:36:07.332Z - success: console loaded
2017-04-12T03:36:07.332Z - success: package-manager loaded
2017-04-12T03:36:07.347Z - success: tester loaded
2017-04-12T03:36:07.347Z - success: ui-kit-preview-extra loaded
2017-04-12T03:36:07.347Z - success: ui-kit-preview loaded
2017-04-12T03:36:07.347Z - success: ui-tree loaded
2017-04-12T03:36:07.456Z - normal: Initializing project D:\workspace\web\work\games\prize-claw
2017-04-12T03:36:07.456Z - normal: Loading packages
2017-04-12T03:36:07.456Z - normal: Watching packages
2017-04-12T03:36:07.488Z - normal: Run Application
2017-04-12T03:36:09.784Z - success: preview server running at http://localhost:7456
2017-04-12T03:36:15.789Z - normal: 1.4.2
2017-04-12T03:38:01.241Z - info: shutdown preview server
